{"D:\\Tests\\TestsPractice\\validator.spec.js":{"path":"D:\\Tests\\TestsPractice\\validator.spec.js","s":{"1":1,"2":1,"3":1,"4":1,"5":1,"6":1,"7":2,"8":1,"9":1,"10":1,"11":1,"12":1,"13":1,"14":1,"15":5,"16":1,"17":1,"18":1,"19":1,"20":1,"21":1,"22":1,"23":1,"24":1,"25":1,"26":1,"27":1,"28":1,"29":1,"30":1,"31":1,"32":1,"33":1,"34":1},"b":{},"f":{},"fnMap":{},"statementMap":{"1":{"start":{"line":1,"column":0},"end":{"line":1,"column":38}},"2":{"start":{"line":2,"column":0},"end":{"line":2,"column":50}},"3":{"start":{"line":4,"column":0},"end":{"line":57,"column":3}},"4":{"start":{"line":5,"column":4},"end":{"line":5,"column":18}},"5":{"start":{"line":7,"column":4},"end":{"line":20,"column":7}},"6":{"start":{"line":8,"column":8},"end":{"line":10,"column":11}},"7":{"start":{"line":9,"column":12},"end":{"line":9,"column":51}},"8":{"start":{"line":12,"column":8},"end":{"line":15,"column":11}},"9":{"start":{"line":13,"column":12},"end":{"line":13,"column":37}},"10":{"start":{"line":14,"column":12},"end":{"line":14,"column":60}},"11":{"start":{"line":17,"column":8},"end":{"line":19,"column":11}},"12":{"start":{"line":18,"column":12},"end":{"line":18,"column":61}},"13":{"start":{"line":22,"column":4},"end":{"line":56,"column":7}},"14":{"start":{"line":23,"column":8},"end":{"line":25,"column":11}},"15":{"start":{"line":24,"column":12},"end":{"line":24,"column":57}},"16":{"start":{"line":27,"column":8},"end":{"line":31,"column":11}},"17":{"start":{"line":28,"column":12},"end":{"line":28,"column":37}},"18":{"start":{"line":29,"column":12},"end":{"line":29,"column":49}},"19":{"start":{"line":30,"column":12},"end":{"line":30,"column":46}},"20":{"start":{"line":33,"column":8},"end":{"line":37,"column":11}},"21":{"start":{"line":34,"column":12},"end":{"line":34,"column":37}},"22":{"start":{"line":35,"column":12},"end":{"line":35,"column":50}},"23":{"start":{"line":36,"column":12},"end":{"line":36,"column":47}},"24":{"start":{"line":39,"column":8},"end":{"line":42,"column":11}},"25":{"start":{"line":40,"column":12},"end":{"line":40,"column":49}},"26":{"start":{"line":41,"column":12},"end":{"line":41,"column":46}},"27":{"start":{"line":44,"column":8},"end":{"line":48,"column":11}},"28":{"start":{"line":45,"column":12},"end":{"line":45,"column":37}},"29":{"start":{"line":46,"column":12},"end":{"line":46,"column":52}},"30":{"start":{"line":47,"column":12},"end":{"line":47,"column":47}},"31":{"start":{"line":50,"column":8},"end":{"line":54,"column":11}},"32":{"start":{"line":51,"column":12},"end":{"line":51,"column":37}},"33":{"start":{"line":52,"column":12},"end":{"line":52,"column":50}},"34":{"start":{"line":53,"column":12},"end":{"line":53,"column":47}}},"branchMap":{}},"D:\\Tests\\TestsPractice\\validator.js":{"path":"D:\\Tests\\TestsPractice\\validator.js","s":{"1":7,"2":7,"3":7,"4":7,"5":5,"6":5,"7":1,"8":4,"9":1,"10":3,"11":4,"12":4,"13":0,"14":4,"15":1},"b":{"1":[1,4],"2":[1,3],"3":[3,2],"4":[4,4],"5":[0,4],"6":[4,1],"7":[4,2]},"f":{"1":7,"2":5,"3":5,"4":4},"fnMap":{"1":{"name":"(anonymous_1)","line":3,"loc":{"start":{"line":3,"column":15},"end":{"line":3,"column":83}}},"2":{"name":"(anonymous_2)","line":10,"loc":{"start":{"line":10,"column":16},"end":{"line":10,"column":19}}},"3":{"name":"(anonymous_3)","line":14,"loc":{"start":{"line":14,"column":11},"end":{"line":14,"column":19}}},"4":{"name":"(anonymous_4)","line":26,"loc":{"start":{"line":26,"column":15},"end":{"line":26,"column":23}}}},"statementMap":{"1":{"start":{"line":4,"column":8},"end":{"line":4,"column":45}},"2":{"start":{"line":5,"column":8},"end":{"line":5,"column":41}},"3":{"start":{"line":6,"column":8},"end":{"line":6,"column":31}},"4":{"start":{"line":7,"column":8},"end":{"line":7,"column":31}},"5":{"start":{"line":11,"column":8},"end":{"line":11,"column":32}},"6":{"start":{"line":15,"column":8},"end":{"line":17,"column":9}},"7":{"start":{"line":16,"column":12},"end":{"line":16,"column":24}},"8":{"start":{"line":19,"column":8},"end":{"line":21,"column":9}},"9":{"start":{"line":20,"column":12},"end":{"line":20,"column":25}},"10":{"start":{"line":23,"column":8},"end":{"line":23,"column":62}},"11":{"start":{"line":27,"column":8},"end":{"line":27,"column":80}},"12":{"start":{"line":29,"column":8},"end":{"line":31,"column":9}},"13":{"start":{"line":30,"column":12},"end":{"line":30,"column":25}},"14":{"start":{"line":33,"column":8},"end":{"line":33,"column":64}},"15":{"start":{"line":37,"column":0},"end":{"line":37,"column":33}}},"branchMap":{"1":{"line":15,"type":"if","locations":[{"start":{"line":15,"column":8},"end":{"line":15,"column":8}},{"start":{"line":15,"column":8},"end":{"line":15,"column":8}}]},"2":{"line":19,"type":"if","locations":[{"start":{"line":19,"column":8},"end":{"line":19,"column":8}},{"start":{"line":19,"column":8},"end":{"line":19,"column":8}}]},"3":{"line":23,"type":"binary-expr","locations":[{"start":{"line":23,"column":15},"end":{"line":23,"column":36}},{"start":{"line":23,"column":40},"end":{"line":23,"column":61}}]},"4":{"line":27,"type":"binary-expr","locations":[{"start":{"line":27,"column":33},"end":{"line":27,"column":50}},{"start":{"line":27,"column":54},"end":{"line":27,"column":79}}]},"5":{"line":29,"type":"if","locations":[{"start":{"line":29,"column":8},"end":{"line":29,"column":8}},{"start":{"line":29,"column":8},"end":{"line":29,"column":8}}]},"6":{"line":29,"type":"binary-expr","locations":[{"start":{"line":29,"column":12},"end":{"line":29,"column":28}},{"start":{"line":29,"column":32},"end":{"line":29,"column":56}}]},"7":{"line":33,"type":"binary-expr","locations":[{"start":{"line":33,"column":17},"end":{"line":33,"column":42}},{"start":{"line":33,"column":46},"end":{"line":33,"column":62}}]}}}}