TN:
SF:D:\Tests\TestsPractice\validator.spec.js
FNF:0
FNH:0
DA:1,1
DA:2,1
DA:4,1
DA:5,1
DA:7,1
DA:8,1
DA:9,2
DA:12,1
DA:13,1
DA:14,1
DA:17,1
DA:18,1
DA:22,1
DA:23,1
DA:24,5
DA:27,1
DA:28,1
DA:29,1
DA:30,1
DA:33,1
DA:34,1
DA:35,1
DA:36,1
DA:39,1
DA:40,1
DA:41,1
DA:44,1
DA:45,1
DA:46,1
DA:47,1
DA:50,1
DA:51,1
DA:52,1
DA:53,1
LF:34
LH:34
BRF:0
BRH:0
end_of_record
TN:
SF:D:\Tests\TestsPractice\validator.js
FN:3,(anonymous_1)
FN:10,(anonymous_2)
FN:14,(anonymous_3)
FN:26,(anonymous_4)
FNF:4
FNH:4
FNDA:7,(anonymous_1)
FNDA:5,(anonymous_2)
FNDA:5,(anonymous_3)
FNDA:4,(anonymous_4)
DA:4,7
DA:5,7
DA:6,7
DA:7,7
DA:11,5
DA:15,5
DA:16,1
DA:19,4
DA:20,1
DA:23,3
DA:27,4
DA:29,4
DA:30,0
DA:33,4
DA:37,1
LF:15
LH:14
BRDA:15,1,0,1
BRDA:15,1,1,4
BRDA:19,2,0,1
BRDA:19,2,1,3
BRDA:23,3,0,3
BRDA:23,3,1,2
BRDA:27,4,0,4
BRDA:27,4,1,4
BRDA:29,5,0,0
BRDA:29,5,1,4
BRDA:29,6,0,4
BRDA:29,6,1,1
BRDA:33,7,0,4
BRDA:33,7,1,2
BRF:14
BRH:13
end_of_record
